<?xml version="1.0" encoding="utf-8"?>
<CoverageSession>
  <Summary numSequencePoints="159" visitedSequencePoints="147" numBranchPoints="58" visitedBranchPoints="47" sequenceCoverage="92.45" branchCoverage="81.03" maxCyclomaticComplexity="66" minCyclomaticComplexity="66" visitedClasses="3" numClasses="3" visitedMethods="17" numMethods="19" />
  <Modules>
    <Module hash="6AB800F2-580A-4BA7-940D-62C9575CF082">
      <ModulePath>Laba1.dll</ModulePath>
      <ModuleTime>2023-10-13T04:30:06</ModuleTime>
      <ModuleName>Laba1</ModuleName>
      <Files>
        <File uid="1" fullPath="C:\Users\Женя\source\repos\Laba-1\Laba1\Laba1\MyLinkedList.cs" />
      </Files>
      <Classes>
        <Class>
          <Summary numSequencePoints="142" visitedSequencePoints="130" numBranchPoints="54" visitedBranchPoints="43" sequenceCoverage="91.54" branchCoverage="79.62" maxCyclomaticComplexity="14" minCyclomaticComplexity="1" visitedClasses="1" numClasses="1" visitedMethods="13" numMethods="15" />
          <FullName>MyLinkedList`1</FullName>
          <Methods>
            <Method cyclomaticComplexity="1" nPathComplexity="1" sequenceCoverage="0" branchCoverage="100" isConstructor="False" isGetter="True" isSetter="False" isStatic="True">
              <Summary numSequencePoints="1" visitedSequencePoints="0" numBranchPoints="0" visitedBranchPoints="0" sequenceCoverage="0" branchCoverage="100" maxCyclomaticComplexity="1" minCyclomaticComplexity="1" visitedClasses="0" numClasses="0" visitedMethods="0" numMethods="1" />
              <MetadataToken />
              <Name>System.Int32 MyLinkedList`1::get_Count()</Name>
              <FileRef uid="1" />
              <SequencePoints>
                <SequencePoint vc="0" uspid="16" ordinal="0" sl="16" sc="1" el="16" ec="2" bec="0" bev="0" fileid="1" />
              </SequencePoints>
              <BranchPoints />
              <MethodPoint vc="0" uspid="0" p8:type="SequencePoint" ordinal="0" offset="0" sc="0" sl="16" ec="1" el="16" bec="0" bev="0" fileid="1" xmlns:p8="xsi" />
            </Method>
            <Method cyclomaticComplexity="1" nPathComplexity="1" sequenceCoverage="0" branchCoverage="100" isConstructor="False" isGetter="True" isSetter="False" isStatic="True">
              <Summary numSequencePoints="1" visitedSequencePoints="0" numBranchPoints="0" visitedBranchPoints="0" sequenceCoverage="0" branchCoverage="100" maxCyclomaticComplexity="1" minCyclomaticComplexity="1" visitedClasses="0" numClasses="0" visitedMethods="0" numMethods="1" />
              <MetadataToken />
              <Name>System.Boolean MyLinkedList`1::get_IsReadOnly()</Name>
              <FileRef uid="1" />
              <SequencePoints>
                <SequencePoint vc="0" uspid="17" ordinal="0" sl="17" sc="1" el="17" ec="2" bec="0" bev="0" fileid="1" />
              </SequencePoints>
              <BranchPoints />
              <MethodPoint vc="0" uspid="0" p8:type="SequencePoint" ordinal="1" offset="1" sc="0" sl="17" ec="1" el="17" bec="0" bev="0" fileid="1" xmlns:p8="xsi" />
            </Method>
            <Method cyclomaticComplexity="4" nPathComplexity="4" sequenceCoverage="100" branchCoverage="100" isConstructor="False" isGetter="False" isSetter="False" isStatic="True">
              <Summary numSequencePoints="19" visitedSequencePoints="19" numBranchPoints="4" visitedBranchPoints="4" sequenceCoverage="100" branchCoverage="100" maxCyclomaticComplexity="4" minCyclomaticComplexity="4" visitedClasses="0" numClasses="0" visitedMethods="1" numMethods="1" />
              <MetadataToken />
              <Name>System.Void MyLinkedList`1::Add(T)</Name>
              <FileRef uid="1" />
              <SequencePoints>
                <SequencePoint vc="106" uspid="31" ordinal="0" sl="31" sc="1" el="31" ec="2" bec="0" bev="0" fileid="1" />
                <SequencePoint vc="106" uspid="32" ordinal="1" sl="32" sc="1" el="32" ec="2" bec="2" bev="2" fileid="1" />
                <SequencePoint vc="1" uspid="33" ordinal="2" sl="33" sc="1" el="33" ec="2" bec="0" bev="0" fileid="1" />
                <SequencePoint vc="1" uspid="34" ordinal="3" sl="34" sc="1" el="34" ec="2" bec="0" bev="0" fileid="1" />
                <SequencePoint vc="105" uspid="37" ordinal="4" sl="37" sc="1" el="37" ec="2" bec="0" bev="0" fileid="1" />
                <SequencePoint vc="105" uspid="38" ordinal="5" sl="38" sc="1" el="38" ec="2" bec="2" bev="2" fileid="1" />
                <SequencePoint vc="33" uspid="39" ordinal="6" sl="39" sc="1" el="39" ec="2" bec="0" bev="0" fileid="1" />
                <SequencePoint vc="33" uspid="40" ordinal="7" sl="40" sc="1" el="40" ec="2" bec="0" bev="0" fileid="1" />
                <SequencePoint vc="33" uspid="41" ordinal="8" sl="41" sc="1" el="41" ec="2" bec="0" bev="0" fileid="1" />
                <SequencePoint vc="33" uspid="42" ordinal="9" sl="42" sc="1" el="42" ec="2" bec="0" bev="0" fileid="1" />
                <SequencePoint vc="33" uspid="43" ordinal="10" sl="43" sc="1" el="43" ec="2" bec="0" bev="0" fileid="1" />
                <SequencePoint vc="72" uspid="45" ordinal="11" sl="45" sc="1" el="45" ec="2" bec="0" bev="0" fileid="1" />
                <SequencePoint vc="72" uspid="46" ordinal="12" sl="46" sc="1" el="46" ec="2" bec="0" bev="0" fileid="1" />
                <SequencePoint vc="72" uspid="47" ordinal="13" sl="47" sc="1" el="47" ec="2" bec="0" bev="0" fileid="1" />
                <SequencePoint vc="72" uspid="48" ordinal="14" sl="48" sc="1" el="48" ec="2" bec="0" bev="0" fileid="1" />
                <SequencePoint vc="72" uspid="49" ordinal="15" sl="49" sc="1" el="49" ec="2" bec="0" bev="0" fileid="1" />
                <SequencePoint vc="105" uspid="50" ordinal="16" sl="50" sc="1" el="50" ec="2" bec="0" bev="0" fileid="1" />
                <SequencePoint vc="105" uspid="51" ordinal="17" sl="51" sc="1" el="51" ec="2" bec="0" bev="0" fileid="1" />
                <SequencePoint vc="105" uspid="52" ordinal="18" sl="52" sc="1" el="52" ec="2" bec="0" bev="0" fileid="1" />
              </SequencePoints>
              <BranchPoints>
                <BranchPoint vc="1" uspid="32" ordinal="0" path="0" offset="12" offsetend="14" sl="32" fileid="1" />
                <BranchPoint vc="105" uspid="32" ordinal="1" path="1" offset="12" offsetend="95" sl="32" fileid="1" />
                <BranchPoint vc="33" uspid="38" ordinal="2" path="0" offset="113" offsetend="115" sl="38" fileid="1" />
                <BranchPoint vc="72" uspid="38" ordinal="3" path="1" offset="113" offsetend="151" sl="38" fileid="1" />
              </BranchPoints>
              <MethodPoint vc="19" uspid="0" p8:type="SequencePoint" ordinal="2" offset="2" sc="0" sl="31" ec="1" el="52" bec="0" bev="0" fileid="1" xmlns:p8="xsi" />
            </Method>
            <Method cyclomaticComplexity="14" nPathComplexity="14" sequenceCoverage="90.32" branchCoverage="78.57" isConstructor="False" isGetter="False" isSetter="False" isStatic="True">
              <Summary numSequencePoints="31" visitedSequencePoints="28" numBranchPoints="14" visitedBranchPoints="11" sequenceCoverage="90.32" branchCoverage="78.57" maxCyclomaticComplexity="14" minCyclomaticComplexity="14" visitedClasses="0" numClasses="0" visitedMethods="1" numMethods="1" />
              <MetadataToken />
              <Name>System.Boolean MyLinkedList`1::Remove(T)</Name>
              <FileRef uid="1" />
              <SequencePoints>
                <SequencePoint vc="5" uspid="55" ordinal="0" sl="55" sc="1" el="55" ec="2" bec="0" bev="0" fileid="1" />
                <SequencePoint vc="5" uspid="56" ordinal="1" sl="56" sc="1" el="56" ec="2" bec="2" bev="2" fileid="1" />
                <SequencePoint vc="1" uspid="57" ordinal="2" sl="57" sc="1" el="57" ec="2" bec="0" bev="0" fileid="1" />
                <SequencePoint vc="1" uspid="58" ordinal="3" sl="58" sc="1" el="58" ec="2" bec="0" bev="0" fileid="1" />
                <SequencePoint vc="4" uspid="61" ordinal="4" sl="61" sc="1" el="61" ec="2" bec="2" bev="1" fileid="1" />
                <SequencePoint vc="0" uspid="62" ordinal="5" sl="62" sc="1" el="62" ec="2" bec="0" bev="0" fileid="1" />
                <SequencePoint vc="4" uspid="64" ordinal="6" sl="64" sc="1" el="64" ec="2" bec="0" bev="0" fileid="1" />
                <SequencePoint vc="4" uspid="65" ordinal="7" sl="65" sc="1" el="65" ec="2" bec="0" bev="0" fileid="1" />
                <SequencePoint vc="10" uspid="68" ordinal="8" sl="68" sc="1" el="68" ec="2" bec="0" bev="0" fileid="1" />
                <SequencePoint vc="10" uspid="69" ordinal="9" sl="69" sc="1" el="69" ec="2" bec="2" bev="2" fileid="1" />
                <SequencePoint vc="4" uspid="70" ordinal="10" sl="70" sc="1" el="70" ec="2" bec="0" bev="0" fileid="1" />
                <SequencePoint vc="4" uspid="71" ordinal="11" sl="71" sc="1" el="71" ec="2" bec="2" bev="2" fileid="1" />
                <SequencePoint vc="3" uspid="72" ordinal="12" sl="72" sc="1" el="72" ec="2" bec="0" bev="0" fileid="1" />
                <SequencePoint vc="3" uspid="73" ordinal="13" sl="73" sc="1" el="73" ec="2" bec="0" bev="0" fileid="1" />
                <SequencePoint vc="3" uspid="74" ordinal="14" sl="74" sc="1" el="74" ec="2" bec="2" bev="1" fileid="1" />
                <SequencePoint vc="0" uspid="75" ordinal="15" sl="75" sc="1" el="75" ec="2" bec="0" bev="0" fileid="1" />
                <SequencePoint vc="3" uspid="76" ordinal="16" sl="76" sc="1" el="76" ec="2" bec="2" bev="2" fileid="1" />
                <SequencePoint vc="1" uspid="77" ordinal="17" sl="77" sc="1" el="77" ec="2" bec="0" bev="0" fileid="1" />
                <SequencePoint vc="3" uspid="78" ordinal="18" sl="78" sc="1" el="78" ec="2" bec="0" bev="0" fileid="1" />
                <SequencePoint vc="1" uspid="80" ordinal="19" sl="80" sc="1" el="80" ec="2" bec="0" bev="0" fileid="1" />
                <SequencePoint vc="1" uspid="81" ordinal="20" sl="81" sc="1" el="81" ec="2" bec="0" bev="0" fileid="1" />
                <SequencePoint vc="1" uspid="82" ordinal="21" sl="82" sc="1" el="82" ec="2" bec="0" bev="0" fileid="1" />
                <SequencePoint vc="1" uspid="83" ordinal="22" sl="83" sc="1" el="83" ec="2" bec="0" bev="0" fileid="1" />
                <SequencePoint vc="4" uspid="84" ordinal="23" sl="84" sc="1" el="84" ec="2" bec="0" bev="0" fileid="1" />
                <SequencePoint vc="4" uspid="85" ordinal="24" sl="85" sc="1" el="85" ec="2" bec="0" bev="0" fileid="1" />
                <SequencePoint vc="4" uspid="86" ordinal="25" sl="86" sc="1" el="86" ec="2" bec="0" bev="0" fileid="1" />
                <SequencePoint vc="6" uspid="89" ordinal="26" sl="89" sc="1" el="89" ec="2" bec="0" bev="0" fileid="1" />
                <SequencePoint vc="6" uspid="90" ordinal="27" sl="90" sc="1" el="90" ec="2" bec="0" bev="0" fileid="1" />
                <SequencePoint vc="12" uspid="91" ordinal="28" sl="91" sc="1" el="91" ec="2" bec="2" bev="1" fileid="1" />
                <SequencePoint vc="0" uspid="93" ordinal="29" sl="93" sc="1" el="93" ec="2" bec="0" bev="0" fileid="1" />
                <SequencePoint vc="4" uspid="94" ordinal="30" sl="94" sc="1" el="94" ec="2" bec="0" bev="0" fileid="1" />
              </SequencePoints>
              <BranchPoints>
                <BranchPoint vc="1" uspid="56" ordinal="0" path="0" offset="12" offsetend="14" sl="56" fileid="1" />
                <BranchPoint vc="4" uspid="56" ordinal="1" path="1" offset="12" offsetend="95" sl="56" fileid="1" />
                <BranchPoint vc="0" uspid="61" ordinal="2" path="0" offset="108" offsetend="110" sl="61" fileid="1" />
                <BranchPoint vc="4" uspid="61" ordinal="3" path="1" offset="108" offsetend="118" sl="61" fileid="1" />
                <BranchPoint vc="10" uspid="91" ordinal="13" path="1" offset="331" offsetend="127" sl="91" fileid="1" />
                <BranchPoint vc="4" uspid="69" ordinal="4" path="0" offset="159" offsetend="164" sl="69" fileid="1" />
                <BranchPoint vc="3" uspid="71" ordinal="6" path="0" offset="173" offsetend="175" sl="71" fileid="1" />
                <BranchPoint vc="0" uspid="74" ordinal="8" path="0" offset="202" offsetend="204" sl="74" fileid="1" />
                <BranchPoint vc="3" uspid="74" ordinal="9" path="1" offset="202" offsetend="216" sl="74" fileid="1" />
                <BranchPoint vc="1" uspid="76" ordinal="10" path="0" offset="229" offsetend="231" sl="76" fileid="1" />
                <BranchPoint vc="3" uspid="76" ordinal="11" path="1" offset="229" offsetend="238" sl="76" fileid="1" />
                <BranchPoint vc="1" uspid="71" ordinal="7" path="1" offset="173" offsetend="241" sl="71" fileid="1" />
                <BranchPoint vc="6" uspid="69" ordinal="5" path="1" offset="159" offsetend="305" sl="69" fileid="1" />
                <BranchPoint vc="0" uspid="91" ordinal="12" path="0" offset="331" offsetend="336" sl="91" fileid="1" />
              </BranchPoints>
              <MethodPoint vc="28" uspid="0" p8:type="SequencePoint" ordinal="3" offset="3" sc="0" sl="55" ec="1" el="94" bec="0" bev="0" fileid="1" xmlns:p8="xsi" />
            </Method>
            <Method cyclomaticComplexity="6" nPathComplexity="6" sequenceCoverage="92.3" branchCoverage="83.33" isConstructor="False" isGetter="False" isSetter="False" isStatic="True">
              <Summary numSequencePoints="13" visitedSequencePoints="12" numBranchPoints="6" visitedBranchPoints="5" sequenceCoverage="92.3" branchCoverage="83.33" maxCyclomaticComplexity="6" minCyclomaticComplexity="6" visitedClasses="0" numClasses="0" visitedMethods="1" numMethods="1" />
              <MetadataToken />
              <Name>System.Boolean MyLinkedList`1::Contains(T)</Name>
              <FileRef uid="1" />
              <SequencePoints>
                <SequencePoint vc="8" uspid="97" ordinal="0" sl="97" sc="1" el="97" ec="2" bec="0" bev="0" fileid="1" />
                <SequencePoint vc="8" uspid="98" ordinal="1" sl="98" sc="1" el="98" ec="2" bec="2" bev="1" fileid="1" />
                <SequencePoint vc="0" uspid="99" ordinal="2" sl="99" sc="1" el="99" ec="2" bec="0" bev="0" fileid="1" />
                <SequencePoint vc="8" uspid="101" ordinal="3" sl="101" sc="1" el="101" ec="2" bec="0" bev="0" fileid="1" />
                <SequencePoint vc="26" uspid="104" ordinal="4" sl="104" sc="1" el="104" ec="2" bec="0" bev="0" fileid="1" />
                <SequencePoint vc="26" uspid="105" ordinal="5" sl="105" sc="1" el="105" ec="2" bec="2" bev="2" fileid="1" />
                <SequencePoint vc="4" uspid="106" ordinal="6" sl="106" sc="1" el="106" ec="2" bec="0" bev="0" fileid="1" />
                <SequencePoint vc="4" uspid="107" ordinal="7" sl="107" sc="1" el="107" ec="2" bec="0" bev="0" fileid="1" />
                <SequencePoint vc="4" uspid="108" ordinal="8" sl="108" sc="1" el="108" ec="2" bec="0" bev="0" fileid="1" />
                <SequencePoint vc="22" uspid="111" ordinal="9" sl="111" sc="1" el="111" ec="2" bec="0" bev="0" fileid="1" />
                <SequencePoint vc="44" uspid="112" ordinal="10" sl="112" sc="1" el="112" ec="2" bec="2" bev="2" fileid="1" />
                <SequencePoint vc="4" uspid="114" ordinal="11" sl="114" sc="1" el="114" ec="2" bec="0" bev="0" fileid="1" />
                <SequencePoint vc="8" uspid="115" ordinal="12" sl="115" sc="1" el="115" ec="2" bec="0" bev="0" fileid="1" />
              </SequencePoints>
              <BranchPoints>
                <BranchPoint vc="0" uspid="98" ordinal="0" path="0" offset="12" offsetend="14" sl="98" fileid="1" />
                <BranchPoint vc="8" uspid="98" ordinal="1" path="1" offset="12" offsetend="18" sl="98" fileid="1" />
                <BranchPoint vc="26" uspid="112" ordinal="5" path="1" offset="94" offsetend="25" sl="112" fileid="1" />
                <BranchPoint vc="4" uspid="105" ordinal="2" path="0" offset="55" offsetend="57" sl="105" fileid="1" />
                <BranchPoint vc="22" uspid="105" ordinal="3" path="1" offset="55" offsetend="70" sl="105" fileid="1" />
                <BranchPoint vc="4" uspid="112" ordinal="4" path="0" offset="94" offsetend="96" sl="112" fileid="1" />
              </BranchPoints>
              <MethodPoint vc="12" uspid="0" p8:type="SequencePoint" ordinal="4" offset="4" sc="0" sl="97" ec="1" el="115" bec="0" bev="0" fileid="1" xmlns:p8="xsi" />
            </Method>
            <Method cyclomaticComplexity="1" nPathComplexity="1" sequenceCoverage="100" branchCoverage="100" isConstructor="False" isGetter="False" isSetter="False" isStatic="True">
              <Summary numSequencePoints="5" visitedSequencePoints="5" numBranchPoints="0" visitedBranchPoints="0" sequenceCoverage="100" branchCoverage="100" maxCyclomaticComplexity="1" minCyclomaticComplexity="1" visitedClasses="0" numClasses="0" visitedMethods="1" numMethods="1" />
              <MetadataToken />
              <Name>System.Void MyLinkedList`1::Clear()</Name>
              <FileRef uid="1" />
              <SequencePoints>
                <SequencePoint vc="1" uspid="118" ordinal="0" sl="118" sc="1" el="118" ec="2" bec="0" bev="0" fileid="1" />
                <SequencePoint vc="1" uspid="119" ordinal="1" sl="119" sc="1" el="119" ec="2" bec="0" bev="0" fileid="1" />
                <SequencePoint vc="1" uspid="120" ordinal="2" sl="120" sc="1" el="120" ec="2" bec="0" bev="0" fileid="1" />
                <SequencePoint vc="1" uspid="121" ordinal="3" sl="121" sc="1" el="121" ec="2" bec="0" bev="0" fileid="1" />
                <SequencePoint vc="1" uspid="122" ordinal="4" sl="122" sc="1" el="122" ec="2" bec="0" bev="0" fileid="1" />
              </SequencePoints>
              <BranchPoints />
              <MethodPoint vc="5" uspid="0" p8:type="SequencePoint" ordinal="5" offset="5" sc="0" sl="118" ec="1" el="122" bec="0" bev="0" fileid="1" xmlns:p8="xsi" />
            </Method>
            <Method cyclomaticComplexity="12" nPathComplexity="12" sequenceCoverage="100" branchCoverage="91.66" isConstructor="False" isGetter="False" isSetter="False" isStatic="True">
              <Summary numSequencePoints="16" visitedSequencePoints="16" numBranchPoints="12" visitedBranchPoints="11" sequenceCoverage="100" branchCoverage="91.66" maxCyclomaticComplexity="12" minCyclomaticComplexity="12" visitedClasses="0" numClasses="0" visitedMethods="1" numMethods="1" />
              <MetadataToken />
              <Name>System.Void MyLinkedList`1::CopyTo(T[],System.Int32)</Name>
              <FileRef uid="1" />
              <SequencePoints>
                <SequencePoint vc="4" uspid="125" ordinal="0" sl="125" sc="1" el="125" ec="2" bec="0" bev="0" fileid="1" />
                <SequencePoint vc="4" uspid="126" ordinal="1" sl="126" sc="1" el="126" ec="2" bec="2" bev="2" fileid="1" />
                <SequencePoint vc="1" uspid="127" ordinal="2" sl="127" sc="1" el="127" ec="2" bec="0" bev="0" fileid="1" />
                <SequencePoint vc="3" uspid="129" ordinal="3" sl="129" sc="1" el="129" ec="2" bec="4" bev="4" fileid="1" />
                <SequencePoint vc="1" uspid="130" ordinal="4" sl="130" sc="1" el="130" ec="2" bec="0" bev="0" fileid="1" />
                <SequencePoint vc="2" uspid="132" ordinal="5" sl="132" sc="1" el="132" ec="2" bec="2" bev="2" fileid="1" />
                <SequencePoint vc="1" uspid="133" ordinal="6" sl="133" sc="1" el="133" ec="2" bec="0" bev="0" fileid="1" />
                <SequencePoint vc="1" uspid="135" ordinal="7" sl="135" sc="1" el="135" ec="2" bec="0" bev="0" fileid="1" />
                <SequencePoint vc="1" uspid="136" ordinal="8" sl="136" sc="1" el="136" ec="2" bec="0" bev="0" fileid="1" />
                <SequencePoint vc="4" uspid="138" ordinal="9" sl="138" sc="1" el="138" ec="2" bec="4" bev="3" fileid="1" />
                <SequencePoint vc="3" uspid="139" ordinal="10" sl="139" sc="1" el="139" ec="2" bec="0" bev="0" fileid="1" />
                <SequencePoint vc="3" uspid="140" ordinal="11" sl="140" sc="1" el="140" ec="2" bec="0" bev="0" fileid="1" />
                <SequencePoint vc="3" uspid="141" ordinal="12" sl="141" sc="1" el="141" ec="2" bec="0" bev="0" fileid="1" />
                <SequencePoint vc="3" uspid="142" ordinal="13" sl="142" sc="1" el="142" ec="2" bec="0" bev="0" fileid="1" />
                <SequencePoint vc="3" uspid="143" ordinal="14" sl="143" sc="1" el="143" ec="2" bec="0" bev="0" fileid="1" />
                <SequencePoint vc="1" uspid="144" ordinal="15" sl="144" sc="1" el="144" ec="2" bec="0" bev="0" fileid="1" />
              </SequencePoints>
              <BranchPoints>
                <BranchPoint vc="1" uspid="126" ordinal="0" path="0" offset="7" offsetend="9" sl="126" fileid="1" />
                <BranchPoint vc="3" uspid="126" ordinal="1" path="1" offset="7" offsetend="20" sl="126" fileid="1" />
                <BranchPoint vc="2" uspid="129" ordinal="2" path="0" offset="22" offsetend="24" sl="129" fileid="1" />
                <BranchPoint vc="1" uspid="129" ordinal="3" path="1" offset="22" offsetend="35" sl="129" fileid="1" />
                <BranchPoint vc="1" uspid="129" ordinal="4" path="0" offset="38" offsetend="40" sl="129" fileid="1" />
                <BranchPoint vc="2" uspid="129" ordinal="5" path="1" offset="38" offsetend="51" sl="129" fileid="1" />
                <BranchPoint vc="1" uspid="132" ordinal="6" path="0" offset="68" offsetend="70" sl="132" fileid="1" />
                <BranchPoint vc="1" uspid="132" ordinal="7" path="1" offset="68" offsetend="81" sl="132" fileid="1" />
                <BranchPoint vc="3" uspid="138" ordinal="11" path="1" offset="138" offsetend="92" sl="138" fileid="1" />
                <BranchPoint vc="4" uspid="138" ordinal="8" path="0" offset="121" offsetend="123" sl="138" fileid="1" />
                <BranchPoint vc="0" uspid="138" ordinal="9" path="1" offset="121" offsetend="133" sl="138" fileid="1" />
                <BranchPoint vc="1" uspid="138" ordinal="10" path="0" offset="138" offsetend="140" sl="138" fileid="1" />
              </BranchPoints>
              <MethodPoint vc="16" uspid="0" p8:type="SequencePoint" ordinal="6" offset="6" sc="0" sl="125" ec="1" el="144" bec="0" bev="0" fileid="1" xmlns:p8="xsi" />
            </Method>
            <Method cyclomaticComplexity="8" nPathComplexity="8" sequenceCoverage="94.73" branchCoverage="87.5" isConstructor="False" isGetter="False" isSetter="False" isStatic="True">
              <Summary numSequencePoints="19" visitedSequencePoints="18" numBranchPoints="8" visitedBranchPoints="7" sequenceCoverage="94.73" branchCoverage="87.5" maxCyclomaticComplexity="8" minCyclomaticComplexity="8" visitedClasses="0" numClasses="0" visitedMethods="1" numMethods="1" />
              <MetadataToken />
              <Name>System.Boolean MyLinkedList`1::InsertAfter(T,T)</Name>
              <FileRef uid="1" />
              <SequencePoints>
                <SequencePoint vc="8" uspid="147" ordinal="0" sl="147" sc="1" el="147" ec="2" bec="0" bev="0" fileid="1" />
                <SequencePoint vc="8" uspid="148" ordinal="1" sl="148" sc="1" el="148" ec="2" bec="0" bev="0" fileid="1" />
                <SequencePoint vc="8" uspid="150" ordinal="2" sl="150" sc="1" el="150" ec="2" bec="2" bev="1" fileid="1" />
                <SequencePoint vc="0" uspid="151" ordinal="3" sl="151" sc="1" el="151" ec="2" bec="0" bev="0" fileid="1" />
                <SequencePoint vc="8" uspid="153" ordinal="4" sl="153" sc="1" el="153" ec="2" bec="0" bev="0" fileid="1" />
                <SequencePoint vc="26" uspid="156" ordinal="5" sl="156" sc="1" el="156" ec="2" bec="0" bev="0" fileid="1" />
                <SequencePoint vc="26" uspid="157" ordinal="6" sl="157" sc="1" el="157" ec="2" bec="2" bev="2" fileid="1" />
                <SequencePoint vc="4" uspid="158" ordinal="7" sl="158" sc="1" el="158" ec="2" bec="0" bev="0" fileid="1" />
                <SequencePoint vc="4" uspid="159" ordinal="8" sl="159" sc="1" el="159" ec="2" bec="0" bev="0" fileid="1" />
                <SequencePoint vc="4" uspid="160" ordinal="9" sl="160" sc="1" el="160" ec="2" bec="0" bev="0" fileid="1" />
                <SequencePoint vc="4" uspid="161" ordinal="10" sl="161" sc="1" el="161" ec="2" bec="2" bev="2" fileid="1" />
                <SequencePoint vc="1" uspid="162" ordinal="11" sl="162" sc="1" el="162" ec="2" bec="0" bev="0" fileid="1" />
                <SequencePoint vc="4" uspid="163" ordinal="12" sl="163" sc="1" el="163" ec="2" bec="0" bev="0" fileid="1" />
                <SequencePoint vc="4" uspid="164" ordinal="13" sl="164" sc="1" el="164" ec="2" bec="0" bev="0" fileid="1" />
                <SequencePoint vc="4" uspid="165" ordinal="14" sl="165" sc="1" el="165" ec="2" bec="0" bev="0" fileid="1" />
                <SequencePoint vc="22" uspid="168" ordinal="15" sl="168" sc="1" el="168" ec="2" bec="0" bev="0" fileid="1" />
                <SequencePoint vc="44" uspid="169" ordinal="16" sl="169" sc="1" el="169" ec="2" bec="2" bev="2" fileid="1" />
                <SequencePoint vc="4" uspid="171" ordinal="17" sl="171" sc="1" el="171" ec="2" bec="0" bev="0" fileid="1" />
                <SequencePoint vc="8" uspid="172" ordinal="18" sl="172" sc="1" el="172" ec="2" bec="0" bev="0" fileid="1" />
              </SequencePoints>
              <BranchPoints>
                <BranchPoint vc="0" uspid="150" ordinal="0" path="0" offset="19" offsetend="21" sl="150" fileid="1" />
                <BranchPoint vc="8" uspid="150" ordinal="1" path="1" offset="19" offsetend="28" sl="150" fileid="1" />
                <BranchPoint vc="26" uspid="169" ordinal="7" path="1" offset="163" offsetend="35" sl="169" fileid="1" />
                <BranchPoint vc="4" uspid="157" ordinal="2" path="0" offset="67" offsetend="69" sl="157" fileid="1" />
                <BranchPoint vc="1" uspid="161" ordinal="4" path="0" offset="104" offsetend="106" sl="161" fileid="1" />
                <BranchPoint vc="4" uspid="161" ordinal="5" path="1" offset="104" offsetend="113" sl="161" fileid="1" />
                <BranchPoint vc="22" uspid="157" ordinal="3" path="1" offset="67" offsetend="139" sl="157" fileid="1" />
                <BranchPoint vc="4" uspid="169" ordinal="6" path="0" offset="163" offsetend="168" sl="169" fileid="1" />
              </BranchPoints>
              <MethodPoint vc="18" uspid="0" p8:type="SequencePoint" ordinal="7" offset="7" sc="0" sl="147" ec="1" el="172" bec="0" bev="0" fileid="1" xmlns:p8="xsi" />
            </Method>
            <Method cyclomaticComplexity="2" nPathComplexity="2" sequenceCoverage="68.75" branchCoverage="50" isConstructor="False" isGetter="False" isSetter="False" isStatic="True">
              <Summary numSequencePoints="16" visitedSequencePoints="11" numBranchPoints="2" visitedBranchPoints="1" sequenceCoverage="68.75" branchCoverage="50" maxCyclomaticComplexity="2" minCyclomaticComplexity="2" visitedClasses="0" numClasses="0" visitedMethods="1" numMethods="1" />
              <MetadataToken />
              <Name>System.Void MyLinkedList`1::AddFirst(T)</Name>
              <FileRef uid="1" />
              <SequencePoints>
                <SequencePoint vc="5" uspid="175" ordinal="0" sl="175" sc="1" el="175" ec="2" bec="0" bev="0" fileid="1" />
                <SequencePoint vc="5" uspid="176" ordinal="1" sl="176" sc="1" el="176" ec="2" bec="0" bev="0" fileid="1" />
                <SequencePoint vc="5" uspid="177" ordinal="2" sl="177" sc="1" el="177" ec="2" bec="2" bev="1" fileid="1" />
                <SequencePoint vc="0" uspid="178" ordinal="3" sl="178" sc="1" el="178" ec="2" bec="0" bev="0" fileid="1" />
                <SequencePoint vc="0" uspid="179" ordinal="4" sl="179" sc="1" el="179" ec="2" bec="0" bev="0" fileid="1" />
                <SequencePoint vc="0" uspid="180" ordinal="5" sl="180" sc="1" el="180" ec="2" bec="0" bev="0" fileid="1" />
                <SequencePoint vc="0" uspid="181" ordinal="6" sl="181" sc="1" el="181" ec="2" bec="0" bev="0" fileid="1" />
                <SequencePoint vc="0" uspid="182" ordinal="7" sl="182" sc="1" el="182" ec="2" bec="0" bev="0" fileid="1" />
                <SequencePoint vc="5" uspid="184" ordinal="8" sl="184" sc="1" el="184" ec="2" bec="0" bev="0" fileid="1" />
                <SequencePoint vc="5" uspid="185" ordinal="9" sl="185" sc="1" el="185" ec="2" bec="0" bev="0" fileid="1" />
                <SequencePoint vc="5" uspid="186" ordinal="10" sl="186" sc="1" el="186" ec="2" bec="0" bev="0" fileid="1" />
                <SequencePoint vc="5" uspid="187" ordinal="11" sl="187" sc="1" el="187" ec="2" bec="0" bev="0" fileid="1" />
                <SequencePoint vc="5" uspid="188" ordinal="12" sl="188" sc="1" el="188" ec="2" bec="0" bev="0" fileid="1" />
                <SequencePoint vc="5" uspid="189" ordinal="13" sl="189" sc="1" el="189" ec="2" bec="0" bev="0" fileid="1" />
                <SequencePoint vc="5" uspid="190" ordinal="14" sl="190" sc="1" el="190" ec="2" bec="0" bev="0" fileid="1" />
                <SequencePoint vc="5" uspid="191" ordinal="15" sl="191" sc="1" el="191" ec="2" bec="0" bev="0" fileid="1" />
              </SequencePoints>
              <BranchPoints>
                <BranchPoint vc="0" uspid="177" ordinal="0" path="0" offset="19" offsetend="21" sl="177" fileid="1" />
                <BranchPoint vc="5" uspid="177" ordinal="1" path="1" offset="19" offsetend="57" sl="177" fileid="1" />
              </BranchPoints>
              <MethodPoint vc="11" uspid="0" p8:type="SequencePoint" ordinal="8" offset="8" sc="0" sl="175" ec="1" el="191" bec="0" bev="0" fileid="1" xmlns:p8="xsi" />
            </Method>
            <Method cyclomaticComplexity="2" nPathComplexity="2" sequenceCoverage="100" branchCoverage="50" isConstructor="False" isGetter="False" isSetter="False" isStatic="True">
              <Summary numSequencePoints="3" visitedSequencePoints="3" numBranchPoints="2" visitedBranchPoints="1" sequenceCoverage="100" branchCoverage="50" maxCyclomaticComplexity="2" minCyclomaticComplexity="2" visitedClasses="0" numClasses="0" visitedMethods="1" numMethods="1" />
              <MetadataToken />
              <Name>System.Void MyLinkedList`1::OnItemAdded(T)</Name>
              <FileRef uid="1" />
              <SequencePoints>
                <SequencePoint vc="109" uspid="202" ordinal="0" sl="202" sc="1" el="202" ec="2" bec="0" bev="0" fileid="1" />
                <SequencePoint vc="109" uspid="203" ordinal="1" sl="203" sc="1" el="203" ec="2" bec="2" bev="1" fileid="1" />
                <SequencePoint vc="109" uspid="204" ordinal="2" sl="204" sc="1" el="204" ec="2" bec="0" bev="0" fileid="1" />
              </SequencePoints>
              <BranchPoints>
                <BranchPoint vc="109" uspid="203" ordinal="0" path="0" offset="8" offsetend="10" sl="203" fileid="1" />
                <BranchPoint vc="0" uspid="203" ordinal="1" path="1" offset="8" offsetend="13" sl="203" fileid="1" />
              </BranchPoints>
              <MethodPoint vc="3" uspid="0" p8:type="SequencePoint" ordinal="9" offset="9" sc="0" sl="202" ec="1" el="204" bec="0" bev="0" fileid="1" xmlns:p8="xsi" />
            </Method>
            <Method cyclomaticComplexity="2" nPathComplexity="2" sequenceCoverage="100" branchCoverage="50" isConstructor="False" isGetter="False" isSetter="False" isStatic="True">
              <Summary numSequencePoints="3" visitedSequencePoints="3" numBranchPoints="2" visitedBranchPoints="1" sequenceCoverage="100" branchCoverage="50" maxCyclomaticComplexity="2" minCyclomaticComplexity="2" visitedClasses="0" numClasses="0" visitedMethods="1" numMethods="1" />
              <MetadataToken />
              <Name>System.Void MyLinkedList`1::OnItemRemoved(T)</Name>
              <FileRef uid="1" />
              <SequencePoints>
                <SequencePoint vc="4" uspid="207" ordinal="0" sl="207" sc="1" el="207" ec="2" bec="0" bev="0" fileid="1" />
                <SequencePoint vc="4" uspid="208" ordinal="1" sl="208" sc="1" el="208" ec="2" bec="2" bev="1" fileid="1" />
                <SequencePoint vc="4" uspid="209" ordinal="2" sl="209" sc="1" el="209" ec="2" bec="0" bev="0" fileid="1" />
              </SequencePoints>
              <BranchPoints>
                <BranchPoint vc="4" uspid="208" ordinal="0" path="0" offset="8" offsetend="10" sl="208" fileid="1" />
                <BranchPoint vc="0" uspid="208" ordinal="1" path="1" offset="8" offsetend="13" sl="208" fileid="1" />
              </BranchPoints>
              <MethodPoint vc="3" uspid="0" p8:type="SequencePoint" ordinal="10" offset="10" sc="0" sl="207" ec="1" el="209" bec="0" bev="0" fileid="1" xmlns:p8="xsi" />
            </Method>
            <Method cyclomaticComplexity="2" nPathComplexity="2" sequenceCoverage="100" branchCoverage="50" isConstructor="False" isGetter="False" isSetter="False" isStatic="True">
              <Summary numSequencePoints="3" visitedSequencePoints="3" numBranchPoints="2" visitedBranchPoints="1" sequenceCoverage="100" branchCoverage="50" maxCyclomaticComplexity="2" minCyclomaticComplexity="2" visitedClasses="0" numClasses="0" visitedMethods="1" numMethods="1" />
              <MetadataToken />
              <Name>System.Void MyLinkedList`1::OnItemContain(T)</Name>
              <FileRef uid="1" />
              <SequencePoints>
                <SequencePoint vc="4" uspid="212" ordinal="0" sl="212" sc="1" el="212" ec="2" bec="0" bev="0" fileid="1" />
                <SequencePoint vc="4" uspid="213" ordinal="1" sl="213" sc="1" el="213" ec="2" bec="2" bev="1" fileid="1" />
                <SequencePoint vc="4" uspid="214" ordinal="2" sl="214" sc="1" el="214" ec="2" bec="0" bev="0" fileid="1" />
              </SequencePoints>
              <BranchPoints>
                <BranchPoint vc="4" uspid="213" ordinal="0" path="0" offset="8" offsetend="10" sl="213" fileid="1" />
                <BranchPoint vc="0" uspid="213" ordinal="1" path="1" offset="8" offsetend="13" sl="213" fileid="1" />
              </BranchPoints>
              <MethodPoint vc="3" uspid="0" p8:type="SequencePoint" ordinal="11" offset="11" sc="0" sl="212" ec="1" el="214" bec="0" bev="0" fileid="1" xmlns:p8="xsi" />
            </Method>
            <Method cyclomaticComplexity="2" nPathComplexity="2" sequenceCoverage="100" branchCoverage="50" isConstructor="False" isGetter="False" isSetter="False" isStatic="True">
              <Summary numSequencePoints="3" visitedSequencePoints="3" numBranchPoints="2" visitedBranchPoints="1" sequenceCoverage="100" branchCoverage="50" maxCyclomaticComplexity="2" minCyclomaticComplexity="2" visitedClasses="0" numClasses="0" visitedMethods="1" numMethods="1" />
              <MetadataToken />
              <Name>System.Void MyLinkedList`1::OnItemAddedFirst(T)</Name>
              <FileRef uid="1" />
              <SequencePoints>
                <SequencePoint vc="5" uspid="217" ordinal="0" sl="217" sc="1" el="217" ec="2" bec="0" bev="0" fileid="1" />
                <SequencePoint vc="5" uspid="218" ordinal="1" sl="218" sc="1" el="218" ec="2" bec="2" bev="1" fileid="1" />
                <SequencePoint vc="5" uspid="219" ordinal="2" sl="219" sc="1" el="219" ec="2" bec="0" bev="0" fileid="1" />
              </SequencePoints>
              <BranchPoints>
                <BranchPoint vc="5" uspid="218" ordinal="0" path="0" offset="8" offsetend="10" sl="218" fileid="1" />
                <BranchPoint vc="0" uspid="218" ordinal="1" path="1" offset="8" offsetend="13" sl="218" fileid="1" />
              </BranchPoints>
              <MethodPoint vc="3" uspid="0" p8:type="SequencePoint" ordinal="12" offset="12" sc="0" sl="217" ec="1" el="219" bec="0" bev="0" fileid="1" xmlns:p8="xsi" />
            </Method>
            <Method cyclomaticComplexity="1" nPathComplexity="1" sequenceCoverage="100" branchCoverage="100" isConstructor="False" isGetter="False" isSetter="False" isStatic="True">
              <Summary numSequencePoints="3" visitedSequencePoints="3" numBranchPoints="0" visitedBranchPoints="0" sequenceCoverage="100" branchCoverage="100" maxCyclomaticComplexity="1" minCyclomaticComplexity="1" visitedClasses="0" numClasses="0" visitedMethods="1" numMethods="1" />
              <MetadataToken />
              <Name>System.Collections.IEnumerator MyLinkedList`1::System.Collections.IEnumerable.GetEnumerator()</Name>
              <FileRef uid="1" />
              <SequencePoints>
                <SequencePoint vc="1" uspid="235" ordinal="0" sl="235" sc="1" el="235" ec="2" bec="0" bev="0" fileid="1" />
                <SequencePoint vc="1" uspid="236" ordinal="1" sl="236" sc="1" el="236" ec="2" bec="0" bev="0" fileid="1" />
                <SequencePoint vc="1" uspid="237" ordinal="2" sl="237" sc="1" el="237" ec="2" bec="0" bev="0" fileid="1" />
              </SequencePoints>
              <BranchPoints />
              <MethodPoint vc="3" uspid="0" p8:type="SequencePoint" ordinal="13" offset="13" sc="0" sl="235" ec="1" el="237" bec="0" bev="0" fileid="1" xmlns:p8="xsi" />
            </Method>
            <Method cyclomaticComplexity="1" nPathComplexity="1" sequenceCoverage="100" branchCoverage="100" isConstructor="True" isGetter="False" isSetter="False" isStatic="True">
              <Summary numSequencePoints="6" visitedSequencePoints="6" numBranchPoints="0" visitedBranchPoints="0" sequenceCoverage="100" branchCoverage="100" maxCyclomaticComplexity="1" minCyclomaticComplexity="1" visitedClasses="0" numClasses="0" visitedMethods="1" numMethods="1" />
              <MetadataToken />
              <Name>System.Void MyLinkedList`1::.ctor()</Name>
              <FileRef uid="1" />
              <SequencePoints>
                <SequencePoint vc="35" uspid="9" ordinal="0" sl="9" sc="1" el="9" ec="2" bec="0" bev="0" fileid="1" />
                <SequencePoint vc="35" uspid="10" ordinal="1" sl="10" sc="1" el="10" ec="2" bec="0" bev="0" fileid="1" />
                <SequencePoint vc="35" uspid="11" ordinal="2" sl="11" sc="1" el="11" ec="2" bec="0" bev="0" fileid="1" />
                <SequencePoint vc="35" uspid="12" ordinal="3" sl="12" sc="1" el="12" ec="2" bec="0" bev="0" fileid="1" />
                <SequencePoint vc="35" uspid="13" ordinal="4" sl="13" sc="1" el="13" ec="2" bec="0" bev="0" fileid="1" />
                <SequencePoint vc="35" uspid="14" ordinal="5" sl="14" sc="1" el="14" ec="2" bec="0" bev="0" fileid="1" />
              </SequencePoints>
              <BranchPoints />
              <MethodPoint vc="6" uspid="0" p8:type="SequencePoint" ordinal="14" offset="14" sc="0" sl="9" ec="1" el="14" bec="0" bev="0" fileid="1" xmlns:p8="xsi" />
            </Method>
          </Methods>
        </Class>
        <Class>
          <Summary numSequencePoints="7" visitedSequencePoints="7" numBranchPoints="0" visitedBranchPoints="0" sequenceCoverage="100" branchCoverage="100" maxCyclomaticComplexity="1" minCyclomaticComplexity="1" visitedClasses="1" numClasses="1" visitedMethods="3" numMethods="3" />
          <FullName>MyLinkedList`1/Node`1</FullName>
          <Methods>
            <Method cyclomaticComplexity="1" nPathComplexity="1" sequenceCoverage="100" branchCoverage="100" isConstructor="False" isGetter="True" isSetter="False" isStatic="True">
              <Summary numSequencePoints="1" visitedSequencePoints="1" numBranchPoints="0" visitedBranchPoints="0" sequenceCoverage="100" branchCoverage="100" maxCyclomaticComplexity="1" minCyclomaticComplexity="1" visitedClasses="0" numClasses="0" visitedMethods="1" numMethods="1" />
              <MetadataToken />
              <Name>TNode MyLinkedList`1/Node`1::get_Data()</Name>
              <FileRef uid="1" />
              <SequencePoints>
                <SequencePoint vc="99" uspid="21" ordinal="0" sl="21" sc="1" el="21" ec="2" bec="0" bev="0" fileid="1" />
              </SequencePoints>
              <BranchPoints />
              <MethodPoint vc="1" uspid="0" p8:type="SequencePoint" ordinal="0" offset="0" sc="0" sl="21" ec="1" el="21" bec="0" bev="0" fileid="1" xmlns:p8="xsi" />
            </Method>
            <Method cyclomaticComplexity="1" nPathComplexity="1" sequenceCoverage="100" branchCoverage="100" isConstructor="False" isGetter="True" isSetter="False" isStatic="True">
              <Summary numSequencePoints="1" visitedSequencePoints="1" numBranchPoints="0" visitedBranchPoints="0" sequenceCoverage="100" branchCoverage="100" maxCyclomaticComplexity="1" minCyclomaticComplexity="1" visitedClasses="0" numClasses="0" visitedMethods="1" numMethods="1" />
              <MetadataToken />
              <Name>MyLinkedList`1/Node`1&lt;T,TNode&gt; MyLinkedList`1/Node`1::get_Next()</Name>
              <FileRef uid="1" />
              <SequencePoints>
                <SequencePoint vc="398" uspid="22" ordinal="0" sl="22" sc="1" el="22" ec="2" bec="0" bev="0" fileid="1" />
              </SequencePoints>
              <BranchPoints />
              <MethodPoint vc="1" uspid="0" p8:type="SequencePoint" ordinal="1" offset="1" sc="0" sl="22" ec="1" el="22" bec="0" bev="0" fileid="1" xmlns:p8="xsi" />
            </Method>
            <Method cyclomaticComplexity="1" nPathComplexity="1" sequenceCoverage="100" branchCoverage="100" isConstructor="True" isGetter="False" isSetter="False" isStatic="True">
              <Summary numSequencePoints="5" visitedSequencePoints="5" numBranchPoints="0" visitedBranchPoints="0" sequenceCoverage="100" branchCoverage="100" maxCyclomaticComplexity="1" minCyclomaticComplexity="1" visitedClasses="0" numClasses="0" visitedMethods="1" numMethods="1" />
              <MetadataToken />
              <Name>System.Void MyLinkedList`1/Node`1::.ctor(TNode)</Name>
              <FileRef uid="1" />
              <SequencePoints>
                <SequencePoint vc="118" uspid="24" ordinal="0" sl="24" sc="1" el="24" ec="2" bec="0" bev="0" fileid="1" />
                <SequencePoint vc="118" uspid="25" ordinal="1" sl="25" sc="1" el="25" ec="2" bec="0" bev="0" fileid="1" />
                <SequencePoint vc="118" uspid="26" ordinal="2" sl="26" sc="1" el="26" ec="2" bec="0" bev="0" fileid="1" />
                <SequencePoint vc="118" uspid="27" ordinal="3" sl="27" sc="1" el="27" ec="2" bec="0" bev="0" fileid="1" />
                <SequencePoint vc="118" uspid="28" ordinal="4" sl="28" sc="1" el="28" ec="2" bec="0" bev="0" fileid="1" />
              </SequencePoints>
              <BranchPoints />
              <MethodPoint vc="5" uspid="0" p8:type="SequencePoint" ordinal="2" offset="2" sc="0" sl="24" ec="1" el="28" bec="0" bev="0" fileid="1" xmlns:p8="xsi" />
            </Method>
          </Methods>
        </Class>
        <Class>
          <Summary numSequencePoints="10" visitedSequencePoints="10" numBranchPoints="4" visitedBranchPoints="4" sequenceCoverage="100" branchCoverage="100" maxCyclomaticComplexity="4" minCyclomaticComplexity="4" visitedClasses="1" numClasses="1" visitedMethods="1" numMethods="1" />
          <FullName>MyLinkedList`1/&lt;GetEnumerator&gt;d__32</FullName>
          <Methods>
            <Method cyclomaticComplexity="4" nPathComplexity="4" sequenceCoverage="100" branchCoverage="100" isConstructor="False" isGetter="False" isSetter="False" isStatic="True">
              <Summary numSequencePoints="10" visitedSequencePoints="10" numBranchPoints="4" visitedBranchPoints="4" sequenceCoverage="100" branchCoverage="100" maxCyclomaticComplexity="4" minCyclomaticComplexity="4" visitedClasses="0" numClasses="0" visitedMethods="1" numMethods="1" />
              <MetadataToken />
              <Name>System.Boolean MyLinkedList`1/&lt;GetEnumerator&gt;d__32::MoveNext()</Name>
              <FileRef uid="1" />
              <SequencePoints>
                <SequencePoint vc="19" uspid="222" ordinal="0" sl="222" sc="1" el="222" ec="2" bec="0" bev="0" fileid="1" />
                <SequencePoint vc="19" uspid="223" ordinal="1" sl="223" sc="1" el="223" ec="2" bec="2" bev="2" fileid="1" />
                <SequencePoint vc="18" uspid="224" ordinal="2" sl="224" sc="1" el="224" ec="2" bec="0" bev="0" fileid="1" />
                <SequencePoint vc="18" uspid="225" ordinal="3" sl="225" sc="1" el="225" ec="2" bec="0" bev="0" fileid="1" />
                <SequencePoint vc="34" uspid="227" ordinal="4" sl="227" sc="1" el="227" ec="2" bec="0" bev="0" fileid="1" />
                <SequencePoint vc="34" uspid="228" ordinal="5" sl="228" sc="1" el="228" ec="2" bec="0" bev="0" fileid="1" />
                <SequencePoint vc="20" uspid="229" ordinal="6" sl="229" sc="1" el="229" ec="2" bec="0" bev="0" fileid="1" />
                <SequencePoint vc="40" uspid="230" ordinal="7" sl="230" sc="1" el="230" ec="2" bec="2" bev="2" fileid="1" />
                <SequencePoint vc="4" uspid="231" ordinal="8" sl="231" sc="1" el="231" ec="2" bec="0" bev="0" fileid="1" />
                <SequencePoint vc="5" uspid="232" ordinal="9" sl="232" sc="1" el="232" ec="2" bec="0" bev="0" fileid="1" />
              </SequencePoints>
              <BranchPoints>
                <BranchPoint vc="18" uspid="223" ordinal="0" path="0" offset="48" offsetend="50" sl="223" fileid="1" />
                <BranchPoint vc="34" uspid="230" ordinal="3" path="1" offset="144" offsetend="68" sl="230" fileid="1" />
                <BranchPoint vc="4" uspid="230" ordinal="2" path="0" offset="144" offsetend="146" sl="230" fileid="1" />
                <BranchPoint vc="5" uspid="223" ordinal="1" path="1" offset="48" offsetend="154" sl="223" fileid="1" />
              </BranchPoints>
              <MethodPoint vc="10" uspid="0" p8:type="SequencePoint" ordinal="0" offset="0" sc="0" sl="222" ec="1" el="232" bec="0" bev="0" fileid="1" xmlns:p8="xsi" />
            </Method>
          </Methods>
        </Class>
      </Classes>
    </Module>
  </Modules>
</CoverageSession>